0 info it worked if it ends with ok
1 verbose cli [ 'C:\\Program Files\\nodejs\\node.exe',
1 verbose cli   'C:\\Program Files\\nodejs\\node_modules\\npm\\bin\\npm-cli.js',
1 verbose cli   'version',
1 verbose cli   'patch' ]
2 info using npm@3.10.10
3 info using node@v6.11.2
4 info git [ 'status', '--porcelain' ]
5 verbose stack Error: Git working directory not clean.
5 verbose stack M gulpfile.js
5 verbose stack M package.json
5 verbose stack D src/index.d.ts
5 verbose stack D src/index.js
5 verbose stack D src/index.js.map
5 verbose stack M src/index.ts
5 verbose stack D test/index.d.ts
5 verbose stack D test/index.js
5 verbose stack D test/index.js.map
5 verbose stack M yarn.lock
5 verbose stack     at C:\Program Files\nodejs\node_modules\npm\lib\version.js:247:19
5 verbose stack     at C:\Program Files\nodejs\node_modules\npm\lib\utils\no-progress-while-running.js:21:8
5 verbose stack     at ChildProcess.exithandler (child_process.js:189:7)
5 verbose stack     at emitTwo (events.js:106:13)
5 verbose stack     at ChildProcess.emit (events.js:191:7)
5 verbose stack     at maybeClose (internal/child_process.js:891:16)
5 verbose stack     at Process.ChildProcess._handle.onexit (internal/child_process.js:226:5)
6 verbose cwd C:\Users\fedai\git\me.codeloves\cessnalib\cessnalib
7 error Windows_NT 10.0.16299
8 error argv "C:\\Program Files\\nodejs\\node.exe" "C:\\Program Files\\nodejs\\node_modules\\npm\\bin\\npm-cli.js" "version" "patch"
9 error node v6.11.2
10 error npm  v3.10.10
11 error Git working directory not clean.
11 error M gulpfile.js
11 error M package.json
11 error D src/index.d.ts
11 error D src/index.js
11 error D src/index.js.map
11 error M src/index.ts
11 error D test/index.d.ts
11 error D test/index.js
11 error D test/index.js.map
11 error M yarn.lock
12 error If you need help, you may report this error at:
12 error     <https://github.com/npm/npm/issues>
13 verbose exit [ 1, true ]
